
Showing logs for build [32mcb-kubecd-environment-pr-213-22-ct68h-1[0m stage [32mfrom-build-pack[0m and container [32mstep-credential-initializer-mdm8x[0m
{"level":"info","ts":1588517543.8598356,"logger":"fallback-logger","caller":"logging/config.go:69","msg":"Fetch GitHub commit ID from kodata failed: open /var/run/ko/refs/heads/0.8.0-ns-support: no such file or directory"}
{"level":"info","ts":1588517543.8603601,"logger":"fallback-logger","caller":"creds-init/main.go:40","msg":"Credentials initialized."}

Showing logs for build [32mcb-kubecd-environment-pr-213-22-ct68h-1[0m stage [32mfrom-build-pack[0m and container [32mstep-working-dir-initializer-5d9fz[0m
{"level":"info","ts":1588517544.403561,"logger":"fallback-logger","caller":"logging/config.go:69","msg":"Fetch GitHub commit ID from kodata failed: open /var/run/ko/HEAD: no such file or directory"}
{"level":"info","ts":1588517544.4051144,"logger":"fallback-logger","caller":"bash/main.go:64","msg":"Successfully executed command \"sh -c mkdir -p /workspace/source\"; output "}

Showing logs for build [32mcb-kubecd-environment-pr-213-22-ct68h-1[0m stage [32mfrom-build-pack[0m and container [32mstep-place-tools[0m

Showing logs for build [32mcb-kubecd-environment-pr-213-22-ct68h-1[0m stage [32mfrom-build-pack[0m and container [32mstep-git-source-cb-kubecd-environment-pr-213-22-ct68h-sn5j4[0m
{"level":"info","ts":1588517547.4371397,"logger":"fallback-logger","caller":"logging/config.go:69","msg":"Fetch GitHub commit ID from kodata failed: open /var/run/ko/refs/heads/0.8.0-ns-support: no such file or directory"}
{"level":"info","ts":1588517548.4952781,"logger":"fallback-logger","caller":"git/git.go:103","msg":"Successfully cloned https://github.com/cb-kubecd/environment-pr-213-22-boot-vault-gke-production.git @ master in path /workspace/source"}

Showing logs for build [32mcb-kubecd-environment-pr-213-22-ct68h-1[0m stage [32mfrom-build-pack[0m and container [32mstep-git-merge[0m
Using SHAs from PULL_REFS=master:e1ef991136bcf1cb19eb38d5b2093a46686b10d4,1:5ea7fe2bc2ef1955361b3cd17710000ac7ce6baf
DEBUG: LC_ALL=C JX_LOG_LEVEL=error git fetch origin --unshallow 5ea7fe2bc2ef1955361b3cd17710000ac7ce6baf: e1ef991136bcf1cb19eb38d5b2093a46686b10d4:
DEBUG: ran git fetch --unshallow origin 5ea7fe2bc2ef1955361b3cd17710000ac7ce6baf: e1ef991136bcf1cb19eb38d5b2093a46686b10d4: in 
DEBUG: LC_ALL=C JX_LOG_LEVEL=error git branch
DEBUG: LC_ALL=C JX_LOG_LEVEL=error git checkout master
DEBUG: ran git checkout master in 
DEBUG: LC_ALL=C JX_LOG_LEVEL=error git reset --hard e1ef991136bcf1cb19eb38d5b2093a46686b10d4
DEBUG: ran git reset --hard e1ef991136bcf1cb19eb38d5b2093a46686b10d4 in 
DEBUG: LC_ALL=C JX_LOG_LEVEL=error git clean -fd .
DEBUG: ran clean --force -d . in 
DEBUG: LC_ALL=C JX_LOG_LEVEL=error git merge 5ea7fe2bc2ef1955361b3cd17710000ac7ce6baf
DEBUG: ran git merge 5ea7fe2bc2ef1955361b3cd17710000ac7ce6baf in 
DEBUG: LC_ALL=C JX_LOG_LEVEL=error git log --format=%H%x1f%an%x1f%ae%x1f%cn%x1f%ce%x1f%s%n%b%x1e e1ef991136bcf1cb19eb38d5b2093a46686b10d4..HEAD
Merged SHA 5ea7fe2bc2ef1955361b3cd17710000ac7ce6baf with commit message 'chore: Promote bdd-spring-1588516136 to version 0.0.1' into base branch master

Showing logs for build [32mcb-kubecd-environment-pr-213-22-ct68h-1[0m stage [32mfrom-build-pack[0m and container [32mstep-build-helm-build[0m
WARNING: No $CHART_REPOSITORY defined so using the default value of: http://jenkins-x-chartmuseum:8080
Adding missing Helm repo: storage.googleapis.com https://storage.googleapis.com/chartmuseum.jenkins-x.io
WARNING: No secrets found on "helm/repos" due: reading the secret "helm/repos" from vault: no secret "helm/repos" not found in vault
Read credentials for https://storage.googleapis.com/chartmuseum.jenkins-x.io from vault helm/repos
Successfully added Helm repository storage.googleapis.com.
Adding missing Helm repo: jenkins-x-chartmuseum http://jenkins-x-chartmuseum:8080
WARNING: No secrets found on "helm/repos" due: reading the secret "helm/repos" from vault: no secret "helm/repos" not found in vault
Read credentials for http://jenkins-x-chartmuseum:8080 from vault helm/repos
Successfully added Helm repository jenkins-x-chartmuseum.
WARNING: No $CHART_REPOSITORY defined so using the default value of: http://jenkins-x-chartmuseum:8080
Adding missing Helm repo: chartmuseum.jenkins-x.io http://chartmuseum.jenkins-x.io
WARNING: No secrets found on "helm/repos" due: reading the secret "helm/repos" from vault: no secret "helm/repos" not found in vault
Read credentials for http://chartmuseum.jenkins-x.io from vault helm/repos
Successfully added Helm repository chartmuseum.jenkins-x.io.
